# JRE version: Java(TM) SE Runtime Environment (8.0_25-b17) (build 1.8.0_25-b17)
# Java VM: Java HotSpot(TM) 64-Bit Server VM (25.25-b02 mixed mode bsd-amd64 compressed oops)
Heap:
 PSYoungGen      total 71680K, used 57047K [0x0000000795580000, 0x000000079eb80000, 0x00000007c0000000)
  eden space 66560K, 78% used [0x0000000795580000,0x0000000798836400,0x0000000799680000)
  from space 5120K, 99% used [0x0000000799680000,0x0000000799b7f9d0,0x0000000799b80000)
  to   space 10240K, 0% used [0x000000079e180000,0x000000079e180000,0x000000079eb80000)
 ParOldGen       total 87552K, used 6786K [0x0000000740000000, 0x0000000745580000, 0x0000000795580000)
  object space 87552K, 7% used [0x0000000740000000,0x00000007406a0be8,0x0000000745580000)
 Metaspace       used 12124K, capacity 12368K, committed 12544K, reserved 1060864K
  class space    used 1343K, capacity 1424K, committed 1536K, reserved 1048576K
GC Heap History (10 events):
Event: 1.403 GC heap before
{Heap before GC invocations=1 (full 0):
 PSYoungGen      total 38400K, used 33280K [0x0000000795580000, 0x0000000798000000, 0x00000007c0000000)
  eden space 33280K, 100% used [0x0000000795580000,0x0000000797600000,0x0000000797600000)
  from space 5120K, 0% used [0x0000000797b00000,0x0000000797b00000,0x0000000798000000)
  to   space 5120K, 0% used [0x0000000797600000,0x0000000797600000,0x0000000797b00000)
 ParOldGen       total 87552K, used 0K [0x0000000740000000, 0x0000000745580000, 0x0000000795580000)
  object space 87552K, 0% used [0x0000000740000000,0x0000000740000000,0x0000000745580000)
 Metaspace       used 11055K, capacity 11266K, committed 11392K, reserved 1058816K
  class space    used 1271K, capacity 1329K, committed 1408K, reserved 1048576K
Event: 1.411 GC heap after
Heap after GC invocations=1 (full 0):
 PSYoungGen      total 38400K, used 5101K [0x0000000795580000, 0x0000000798000000, 0x00000007c0000000)
  eden space 33280K, 0% used [0x0000000795580000,0x0000000795580000,0x0000000797600000)
  from space 5120K, 99% used [0x0000000797600000,0x0000000797afb6a0,0x0000000797b00000)
  to   space 5120K, 0% used [0x0000000797b00000,0x0000000797b00000,0x0000000798000000)
 ParOldGen       total 87552K, used 1345K [0x0000000740000000, 0x0000000745580000, 0x0000000795580000)
  object space 87552K, 1% used [0x0000000740000000,0x0000000740150690,0x0000000745580000)
 Metaspace       used 11055K, capacity 11266K, committed 11392K, reserved 1058816K
  class space    used 1271K, capacity 1329K, committed 1408K, reserved 1048576K
}
Event: 2.166 GC heap before
{Heap before GC invocations=2 (full 0):
 PSYoungGen      total 38400K, used 38371K [0x0000000795580000, 0x0000000798000000, 0x00000007c0000000)
  eden space 33280K, 99% used [0x0000000795580000,0x00000007975fd958,0x0000000797600000)
  from space 5120K, 99% used [0x0000000797600000,0x0000000797afb6a0,0x0000000797b00000)
  to   space 5120K, 0% used [0x0000000797b00000,0x0000000797b00000,0x0000000798000000)
 ParOldGen       total 87552K, used 1345K [0x0000000740000000, 0x0000000745580000, 0x0000000795580000)
  object space 87552K, 1% used [0x0000000740000000,0x0000000740150690,0x0000000745580000)
 Metaspace       used 11746K, capacity 11978K, committed 12160K, reserved 1060864K
  class space    used 1334K, capacity 1381K, committed 1408K, reserved 1048576K
Event: 2.176 GC heap after
Heap after GC invocations=2 (full 0):
 PSYoungGen      total 38400K, used 5118K [0x0000000795580000, 0x0000000798000000, 0x00000007c0000000)
  eden space 33280K, 0% used [0x0000000795580000,0x0000000795580000,0x0000000797600000)
  from space 5120K, 99% used [0x0000000797b00000,0x0000000797fff9f0,0x0000000798000000)
  to   space 5120K, 0% used [0x0000000797600000,0x0000000797600000,0x0000000797b00000)
 ParOldGen       total 87552K, used 3926K [0x0000000740000000, 0x0000000745580000, 0x0000000795580000)
  object space 87552K, 4% used [0x0000000740000000,0x00000007403d5b18,0x0000000745580000)
 Metaspace       used 11746K, capacity 11978K, committed 12160K, reserved 1060864K
  class space    used 1334K, capacity 1381K, committed 1408K, reserved 1048576K
}
Event: 2.453 GC heap before
{Heap before GC invocations=3 (full 0):
 PSYoungGen      total 38400K, used 38398K [0x0000000795580000, 0x0000000798000000, 0x00000007c0000000)
  eden space 33280K, 100% used [0x0000000795580000,0x0000000797600000,0x0000000797600000)
  from space 5120K, 99% used [0x0000000797b00000,0x0000000797fff9f0,0x0000000798000000)
  to   space 5120K, 0% used [0x0000000797600000,0x0000000797600000,0x0000000797b00000)
 ParOldGen       total 87552K, used 3926K [0x0000000740000000, 0x0000000745580000, 0x0000000795580000)
  object space 87552K, 4% used [0x0000000740000000,0x00000007403d5b18,0x0000000745580000)
 Metaspace       used 11873K, capacity 12042K, committed 12160K, reserved 1060864K
  class space    used 1334K, capacity 1381K, committed 1408K, reserved 1048576K
Event: 2.460 GC heap after
Heap after GC invocations=3 (full 0):
 PSYoungGen      total 38400K, used 3016K [0x0000000795580000, 0x000000079a080000, 0x00000007c0000000)
  eden space 33280K, 0% used [0x0000000795580000,0x0000000795580000,0x0000000797600000)
  from space 5120K, 58% used [0x0000000797600000,0x00000007978f23e0,0x0000000797b00000)
  to   space 5120K, 0% used [0x0000000799b80000,0x0000000799b80000,0x000000079a080000)
 ParOldGen       total 87552K, used 3934K [0x0000000740000000, 0x0000000745580000, 0x0000000795580000)
  object space 87552K, 4% used [0x0000000740000000,0x00000007403d7b18,0x0000000745580000)
 Metaspace       used 11873K, capacity 12042K, committed 12160K, reserved 1060864K
  class space    used 1334K, capacity 1381K, committed 1408K, reserved 1048576K
}
Event: 2.605 GC heap before
{Heap before GC invocations=4 (full 0):
 PSYoungGen      total 38400K, used 36288K [0x0000000795580000, 0x000000079a080000, 0x00000007c0000000)
  eden space 33280K, 99% used [0x0000000795580000,0x00000007975fdf78,0x0000000797600000)
  from space 5120K, 58% used [0x0000000797600000,0x00000007978f23e0,0x0000000797b00000)
  to   space 5120K, 0% used [0x0000000799b80000,0x0000000799b80000,0x000000079a080000)
 ParOldGen       total 87552K, used 3934K [0x0000000740000000, 0x0000000745580000, 0x0000000795580000)
  object space 87552K, 4% used [0x0000000740000000,0x00000007403d7b18,0x0000000745580000)
 Metaspace       used 11937K, capacity 12136K, committed 12416K, reserved 1060864K
  class space    used 1339K, capacity 1388K, committed 1408K, reserved 1048576K
Event: 2.612 GC heap after
Heap after GC invocations=4 (full 0):
 PSYoungGen      total 71680K, used 4240K [0x0000000795580000, 0x000000079a080000, 0x00000007c0000000)
  eden space 66560K, 0% used [0x0000000795580000,0x0000000795580000,0x0000000799680000)
  from space 5120K, 82% used [0x0000000799b80000,0x0000000799fa4180,0x000000079a080000)
  to   space 5120K, 0% used [0x0000000799680000,0x0000000799680000,0x0000000799b80000)
 ParOldGen       total 87552K, used 3934K [0x0000000740000000, 0x0000000745580000, 0x0000000795580000)
  object space 87552K, 4% used [0x0000000740000000,0x00000007403d7b18,0x0000000745580000)
 Metaspace       used 11937K, capacity 12136K, committed 12416K, reserved 1060864K
  class space    used 1339K, capacity 1388K, committed 1408K, reserved 1048576K
}
Event: 4.170 GC heap before
{Heap before GC invocations=5 (full 0):
 PSYoungGen      total 71680K, used 70737K [0x0000000795580000, 0x000000079a080000, 0x00000007c0000000)
  eden space 66560K, 99% used [0x0000000795580000,0x0000000799670400,0x0000000799680000)
  from space 5120K, 82% used [0x0000000799b80000,0x0000000799fa4180,0x000000079a080000)
  to   space 5120K, 0% used [0x0000000799680000,0x0000000799680000,0x0000000799b80000)
 ParOldGen       total 87552K, used 3934K [0x0000000740000000, 0x0000000745580000, 0x0000000795580000)
  object space 87552K, 4% used [0x0000000740000000,0x00000007403d7b18,0x0000000745580000)
 Metaspace       used 12098K, capacity 12304K, committed 12544K, reserved 1060864K
  class space    used 1342K, capacity 1424K, committed 1536K, reserved 1048576K
Event: 4.183 GC heap after
Heap after GC invocations=5 (full 0):
 PSYoungGen      total 71680K, used 5118K [0x0000000795580000, 0x000000079eb80000, 0x00000007c0000000)
  eden space 66560K, 0% used [0x0000000795580000,0x0000000795580000,0x0000000799680000)
  from space 5120K, 99% used [0x0000000799680000,0x0000000799b7f9d0,0x0000000799b80000)
  to   space 10240K, 0% used [0x000000079e180000,0x000000079e180000,0x000000079eb80000)
 ParOldGen       total 87552K, used 6786K [0x0000000740000000, 0x0000000745580000, 0x0000000795580000)
  object space 87552K, 7% used [0x0000000740000000,0x00000007406a0be8,0x0000000745580000)
 Metaspace       used 12098K, capacity 12304K, committed 12544K, reserved 1060864K
  class space    used 1342K, capacity 1424K, committed 1536K, reserved 1048576K
}

